<?xml version="1.0" encoding="UTF-8"?>
<!-- Generated by org.testng.reporters.JUnitReportReporter -->
<testsuite name="com.mia.Test.Checkout.Checkout_Single_2" tests="1" time="0.709" ignored="0" failures="0" timestamp="09 一月 2017 09:50:52 GMT" skipped="0" hostname="Work-PC" errors="0">
  <testcase name="Test" time="0.709" classname="com.mia.Test.Checkout.Checkout_Single_2"/>
</testsuite> <!-- com.mia.Test.Checkout.Checkout_Single_2 -->
