<?xml version="1.0" encoding="UTF-8"?>
<!-- Generated by org.testng.reporters.JUnitReportReporter -->
<testsuite name="com.mia.Test.Checkout.Checkout_Single_1" tests="1" time="2.335" ignored="0" failures="0" timestamp="09 一月 2017 09:50:52 GMT" skipped="0" hostname="Work-PC" errors="0">
  <testcase name="Test" time="2.335" classname="com.mia.Test.Checkout.Checkout_Single_1"/>
</testsuite> <!-- com.mia.Test.Checkout.Checkout_Single_1 -->
