<?xml version="1.0" encoding="UTF-8"?>
<!-- Generated by org.testng.reporters.JUnitReportReporter -->
<testsuite hostname="SuperMan_ZS" name="com.study.suit.SunTest" tests="2" failures="0" timestamp="27 May 2016 10:14:58 GMT" time="0.564" errors="0">
  <testcase name="requestVerifyCode" time="0.036" classname="com.study.suit.SunTest"/>
  <testcase name="getVerifyCode" time="0.528" classname="com.study.suit.SunTest"/>
</testsuite> <!-- com.study.suit.SunTest -->
